<?xml version="1.0" encoding="UTF-8"?>
<testng-results ignored="0" total="1" passed="1" failed="0" skipped="0">
  <reporter-output>
  </reporter-output>
  <suite started-at="2023-03-25T15:30:14 IST" name="Suite" finished-at="2023-03-25T15:30:14 IST" duration-ms="93">
    <groups>
    </groups>
    <test started-at="2023-03-25T15:30:14 IST" name="Test" finished-at="2023-03-25T15:30:14 IST" duration-ms="93">
      <class name="demo.tests.DemoTest">
        <test-method is-config="true" signature="beforeTest()[pri:0, instance:demo.tests.DemoTest@2ddc9a9f]" started-at="2023-03-25T15:30:14 IST" name="beforeTest" finished-at="2023-03-25T15:30:14 IST" duration-ms="39" status="PASS">
          <reporter-output>
          </reporter-output>
        </test-method> <!-- beforeTest -->
        <test-method signature="f()[pri:0, instance:demo.tests.DemoTest@2ddc9a9f]" started-at="2023-03-25T15:30:14 IST" name="f" finished-at="2023-03-25T15:30:14 IST" duration-ms="5" status="PASS">
          <reporter-output>
          </reporter-output>
        </test-method> <!-- f -->
        <test-method is-config="true" signature="afterTest()[pri:0, instance:demo.tests.DemoTest@2ddc9a9f]" started-at="2023-03-25T15:30:14 IST" name="afterTest" finished-at="2023-03-25T15:30:14 IST" duration-ms="1" status="PASS">
          <reporter-output>
          </reporter-output>
        </test-method> <!-- afterTest -->
      </class> <!-- demo.tests.DemoTest -->
    </test> <!-- Test -->
  </suite> <!-- Suite -->
</testng-results>
